version: (200506)

available memory: 64M bytes
used memory: 81920 bytes [need 80K bytes if disable swap]

used block: 3 [memory(3) file(0)]
                 [ 8K(2) 64K(1) { total 80K bytes } ]
overhead: (9514) bytes for (3) blocks [Average: (3171) bytes/block]

write  => 0(times) 0K(bytes) [0K bytes to file]
read   => 1(times) 8K(bytes) [1K bytes compressed data from file]
access => 225635(times) 1766M(bytes)
          [hit ratio: 99.9996%]

time: write(0) read(0)  unit: second

swap file directory: (/home/aedu35/asic_edu/project1/verdiLog)
used swap file number: (1)



swap file manager:
arrSize: (256)
idxCnt: (3)
closeHead: (1)
closeTail: (2)
openCnt: (2)
fid(2): fd(30) fileName(/home/aedu35/asic_edu/project1/verdiLog/_swap_0001#261616969#594703)
	size(0) lastModTime(0) curModTime(1752577535)
	mode(w+b)	hot(0) cool(1) pos(0)
fid(1): fd(1073741824) fileName(/home/aedu35/asic_edu/project1/simv.daidir/kdb.elab++/work.lib++/tb_rrc_filter.sv.tdc)
	size(3042) lastModTime(1752576746) curModTime(1752576746)
	mode(rb)	hot(2) cool(0) pos(0)
fid(0): fd(0) fileName(NULL)
	mode(NULL)	hot(0) cool(0) pos(0)
==================================================
mySelf(0x1f1022e0) pre(0x1f88c390) next((nil))
version(200506)
date(Dec  3 2024 20:20:45)
